{"level":"info","message":"Voici un log simple"}
{"level":"info","message":"Voici un log simple"}
{"level":"info","message":"Voici un log simple"}
{"level":"info","message":"Voici un log simple"}
{"level":"info","message":"Voici un log simple"}
{"level":"info","message":"Voici un log simple"}
{"level":"info","message":"\u001b[90mGET /api/users/me\u001b[39m\u001b[32m 200 \u001b[39m\u001b[90m5ms\u001b[39m"}
{"level":"info","message":"\u001b[90mPOST /api/auths/login\u001b[39m\u001b[32m 201 \u001b[39m\u001b[90m163ms\u001b[39m"}
{"level":"info","message":"\u001b[90mGET /api/auths/auto-login\u001b[39m\u001b[32m 200 \u001b[39m\u001b[90m11ms\u001b[39m"}
{"level":"info","message":"\u001b[90mPOST /api/contentieux-options/get-all\u001b[39m\u001b[32m 200 \u001b[39m\u001b[90m51ms\u001b[39m"}
{"level":"info","message":"\u001b[90mGET /api/news/last\u001b[39m\u001b[32m 200 \u001b[39m\u001b[90m44ms\u001b[39m"}
{"level":"info","message":"\u001b[90mGET /api/users/get-user-datas\u001b[39m\u001b[32m 200 \u001b[39m\u001b[90m143ms\u001b[39m"}
{"level":"info","message":"Voici un log simple"}
{"level":"info","message":"\u001b[90mGET /api/users/me\u001b[39m\u001b[32m 200 \u001b[39m\u001b[90m22ms\u001b[39m"}
{"level":"info","message":"\u001b[90mGET /api/auths/auto-login\u001b[39m\u001b[32m 200 \u001b[39m\u001b[90m17ms\u001b[39m"}
{"level":"info","message":"\u001b[90mPOST /api/contentieux-options/get-all\u001b[39m\u001b[32m 200 \u001b[39m\u001b[90m24ms\u001b[39m"}
{"level":"info","message":"\u001b[90mGET /api/news/last\u001b[39m\u001b[32m 200 \u001b[39m\u001b[90m14ms\u001b[39m"}
{"level":"info","message":"\u001b[90mGET /api/users/get-user-datas\u001b[39m\u001b[32m 200 \u001b[39m\u001b[90m59ms\u001b[39m"}
{"level":"info","message":"\u001b[90mGET /api/news/last\u001b[39m\u001b[32m 200 \u001b[39m\u001b[90m18ms\u001b[39m"}
{"level":"info","message":"\u001b[90mPOST /api/activities/get-last-month\u001b[39m\u001b[32m 200 \u001b[39m\u001b[90m99ms\u001b[39m"}
{"level":"info","message":"\u001b[90mPOST /api/activities/get-by-month\u001b[39m\u001b[32m 200 \u001b[39m\u001b[90m348ms\u001b[39m"}
{"level":"info","message":"\u001b[90mGET /api/news/last\u001b[39m\u001b[32m 200 \u001b[39m\u001b[90m12ms\u001b[39m"}
{"level":"info","message":"\u001b[90mGET /api/auths/logout\u001b[39m\u001b[32m 200 \u001b[39m\u001b[90m37ms\u001b[39m"}
{"level":"error","message":[{"message":"Forbidden","messages":null,"status":403,"toTranslate":true}]}
{"level":"info","message":"\u001b[90mGET /api/users/me\u001b[39m\u001b[32m 200 \u001b[39m\u001b[90m0ms\u001b[39m"}
{"level":"error","message":[{"message":"Forbidden","messages":null,"status":403,"toTranslate":true}]}
{"level":"error","message":[{"message":"Forbidden","messages":null,"status":403,"toTranslate":true}]}
{"level":"info","message":"\u001b[90mPOST /api/auths/login\u001b[39m\u001b[32m 201 \u001b[39m\u001b[90m123ms\u001b[39m"}
{"level":"info","message":"\u001b[90mGET /api/auths/auto-login\u001b[39m\u001b[32m 200 \u001b[39m\u001b[90m5ms\u001b[39m"}
{"level":"info","message":"\u001b[90mGET /api/news/last\u001b[39m\u001b[32m 200 \u001b[39m\u001b[90m5ms\u001b[39m"}
{"level":"info","message":"\u001b[90mGET /api/news/last\u001b[39m\u001b[32m 200 \u001b[39m\u001b[90m4ms\u001b[39m"}
{"level":"info","message":"\u001b[90mGET /api/news/last\u001b[39m\u001b[32m 200 \u001b[39m\u001b[90m4ms\u001b[39m"}
{"level":"info","message":"\u001b[90mGET /api/news/last\u001b[39m\u001b[32m 200 \u001b[39m\u001b[90m4ms\u001b[39m"}
{"level":"info","message":"\u001b[90mGET /api/auths/logout\u001b[39m\u001b[32m 200 \u001b[39m\u001b[90m26ms\u001b[39m"}
{"level":"error","message":[{"message":"Forbidden","messages":null,"status":403,"toTranslate":true}]}
{"level":"info","message":"\u001b[90mGET /api/users/me\u001b[39m\u001b[32m 200 \u001b[39m\u001b[90m0ms\u001b[39m"}
{"level":"error","message":[{"message":"Forbidden","messages":null,"status":403,"toTranslate":true}]}
{"level":"error","message":[{"message":"Forbidden","messages":null,"status":403,"toTranslate":true}]}
{"level":"error","message":[{"message":"Forbidden","messages":null,"status":403,"toTranslate":true}]}
{"level":"error","message":[{"message":"Email ou mot de passe incorrect"}]}
{"level":"info","message":"Voici un log simple"}
{"level":"info","message":"\u001b[90mGET /api/users/me\u001b[39m\u001b[32m 200 \u001b[39m\u001b[90m5ms\u001b[39m"}
{"level":"error","message":[{"message":"Email ou mot de passe incorrect"}]}
{"level":"info","message":"Voici un log simple"}
{"level":"info","message":"Voici un log simple"}
{"level":"info","message":"Voici un log simple"}
{"level":"info","message":"Voici un log simple"}
{"level":"info","message":"Voici un log simple"}
{"level":"info","message":"Voici un log simple"}
{"level":"info","message":"Voici un log simple"}
{"level":"info","message":"Voici un log simple"}
{"level":"info","message":"Voici un log simple"}
{"level":"info","message":"Voici un log simple"}
{"level":"info","message":"Voici un log simple"}
{"level":"info","message":"Voici un log simple"}
{"level":"info","message":"Voici un log simple"}
{"level":"info","message":"Voici un log simple"}
{"level":"info","message":"Voici un log simple"}
{"level":"info","message":"Voici un log simple"}
{"level":"info","message":"Voici un log simple"}
{"level":"info","message":"Voici un log simple"}
{"level":"info","message":"\u001b[90mGET /api/users/me\u001b[39m\u001b[32m 200 \u001b[39m\u001b[90m2ms\u001b[39m"}
{"level":"error","message":[{"message":"Email ou mot de passe incorrect"}]}
